<?xml version="1.0" encoding="UTF-8"?>
<!-- Generated by org.testng.reporters.JUnitXMLReporter -->
<testsuite hostname="MOB81221" name="Test" tests="5" failures="0" timestamp="26 Dec 2017 12:38:04 GMT" time="0.026" errors="0">
  <testcase name="testA" time="0.009" classname="maven.test.DemoTest"/>
  <testcase name="testB" time="0.001" classname="maven.test.DemoTest"/>
  <testcase name="testC" time="0.001" classname="maven.test.DemoTest"/>
  <testcase name="f1" time="0.001" classname="maven.test.MultipleTest"/>
  <testcase name="f2" time="0.001" classname="maven.test.TestNGTest"/>
</testsuite> <!-- Test -->
