<?xml version="1.0" encoding="UTF-8"?>
<testng-results skipped="0" failed="0" total="5" passed="5">
  <reporter-output>
  </reporter-output>
  <suite name="Suite" duration-ms="26" started-at="2017-12-26T12:38:04Z" finished-at="2017-12-26T12:38:04Z">
    <groups>
    </groups>
    <test name="Test" duration-ms="26" started-at="2017-12-26T12:38:04Z" finished-at="2017-12-26T12:38:04Z">
      <class name="maven.test.MultipleTest">
        <test-method status="PASS" signature="f1()[pri:0, instance:maven.test.MultipleTest@34340fab]" name="f1" duration-ms="1" started-at="2017-12-26T18:08:04Z" finished-at="2017-12-26T18:08:04Z">
          <reporter-output>
          </reporter-output>
        </test-method> <!-- f1 -->
      </class> <!-- maven.test.MultipleTest -->
      <class name="maven.test.DemoTest">
        <test-method status="PASS" signature="testA()[pri:0, instance:maven.test.DemoTest@4b6995df]" name="testA" duration-ms="9" started-at="2017-12-26T18:08:04Z" finished-at="2017-12-26T18:08:04Z">
          <reporter-output>
          </reporter-output>
        </test-method> <!-- testA -->
        <test-method status="PASS" signature="testB()[pri:0, instance:maven.test.DemoTest@4b6995df]" name="testB" duration-ms="1" started-at="2017-12-26T18:08:04Z" finished-at="2017-12-26T18:08:04Z">
          <reporter-output>
          </reporter-output>
        </test-method> <!-- testB -->
        <test-method status="PASS" signature="testC()[pri:0, instance:maven.test.DemoTest@4b6995df]" name="testC" duration-ms="1" started-at="2017-12-26T18:08:04Z" finished-at="2017-12-26T18:08:04Z">
          <reporter-output>
          </reporter-output>
        </test-method> <!-- testC -->
      </class> <!-- maven.test.DemoTest -->
      <class name="maven.test.TestNGTest">
        <test-method status="PASS" signature="f2()[pri:0, instance:maven.test.TestNGTest@6fffcba5]" name="f2" duration-ms="1" started-at="2017-12-26T18:08:04Z" finished-at="2017-12-26T18:08:04Z">
          <reporter-output>
          </reporter-output>
        </test-method> <!-- f2 -->
      </class> <!-- maven.test.TestNGTest -->
    </test> <!-- Test -->
  </suite> <!-- Suite -->
</testng-results>
